<?xml version="1.0" encoding="UTF-8"?>
<testng-results skipped="0" failed="0" ignored="0" total="1" passed="1">
  <reporter-output>
  </reporter-output>
  <suite name="Suite" duration-ms="332" started-at="2020-05-27T21:34:31Z" finished-at="2020-05-27T21:34:31Z">
    <groups>
    </groups>
    <test name="Test" duration-ms="332" started-at="2020-05-27T21:34:31Z" finished-at="2020-05-27T21:34:31Z">
      <class name="com.testng.JenkinsDemoFile">
        <test-method status="PASS" signature="demo()[pri:0, instance:com.testng.JenkinsDemoFile@2ac1fdc4]" name="demo" duration-ms="20" started-at="2020-05-27T21:34:31Z" finished-at="2020-05-27T21:34:31Z">
          <reporter-output>
          </reporter-output>
        </test-method> <!-- demo -->
      </class> <!-- com.testng.JenkinsDemoFile -->
    </test> <!-- Test -->
  </suite> <!-- Suite -->
</testng-results>
